<?xml version="1.0" encoding="UTF-8"?>
<!-- Generated by org.testng.reporters.JUnitReportReporter -->
<testsuite skipped="0" hostname="GS-4634" name="MavenProject.Maven.webTest" tests="2" failures="0" timestamp="2021-04-13T20:42:23 IST" time="0.003" errors="0">
  <testcase name="login" time="0.003" classname="MavenProject.Maven.webTest"/>
  <system-out/>
  <testcase name="logout" time="0.000" classname="MavenProject.Maven.webTest"/>
  <system-out/>
</testsuite> <!-- MavenProject.Maven.webTest -->
